<?xml version="1.0" encoding="UTF-8"?>
<testsuite name="com.bulletin.entity.EleveTest" tests="2" skipped="0" failures="0" errors="0" timestamp="2015-06-19T03:39:29" hostname="macbook-geoffroy.local" time="0.003">
  <properties/>
  <testcase name="testGetNoteByMatiere_noteNotFound" classname="com.bulletin.entity.EleveTest" time="0.002"/>
  <testcase name="testGetNoteByMatiere" classname="com.bulletin.entity.EleveTest" time="0.001"/>
  <system-out><![CDATA[]]></system-out>
  <system-err><![CDATA[Note not found for eleve: nom and matiere null
]]></system-err>
</testsuite>
