<?xml version="1.0" encoding="UTF-8"?>
<testsuite name="com.bulletin.helper.MatiereHelperTest" tests="3" skipped="0" failures="0" errors="0" timestamp="2015-06-19T03:39:29" hostname="macbook-geoffroy.local" time="0.001">
  <properties/>
  <testcase name="testGetRootMatieres" classname="com.bulletin.helper.MatiereHelperTest" time="0.0"/>
  <testcase name="testGetMatiereByName" classname="com.bulletin.helper.MatiereHelperTest" time="0.001"/>
  <testcase name="testGetMatiereByName_matiereNotFound" classname="com.bulletin.helper.MatiereHelperTest" time="0.0"/>
  <system-out><![CDATA[Matiere not found :m3
]]></system-out>
  <system-err><![CDATA[Matiere not found: m3
]]></system-err>
</testsuite>
